2023-03-14 19:41:13 INFO  com.star.sud.OAuth2Application - Starting OAuth2Application on syam-dell-inspiron-laptop with PID 10760 (E:\workspace\Corporate Trainings\Novel Prog Apr 2023\Spring-Boot-Security-Role-Based-oAuth2-master\target\classes started by Syam Kakumani in E:\workspace\Corporate Trainings\Novel Prog Apr 2023\Spring-Boot-Security-Role-Based-oAuth2-master)
2023-03-14 19:41:13 INFO  com.star.sud.OAuth2Application - No active profile set, falling back to default profiles: default
2023-03-14 19:41:13 INFO  o.s.b.d.restart.ChangeableUrls - The Class-Path manifest attribute in C:\Users\Syam Kakumani\.m2\repository\org\glassfish\jaxb\jaxb-runtime\2.3.2\jaxb-runtime-2.3.2.jar referenced one or more files that do not exist: file:/C:/Users/Syam%20Kakumani/.m2/repository/org/glassfish/jaxb/jaxb-runtime/2.3.2/jakarta.xml.bind-api-2.3.2.jar,file:/C:/Users/Syam%20Kakumani/.m2/repository/org/glassfish/jaxb/jaxb-runtime/2.3.2/txw2-2.3.2.jar,file:/C:/Users/Syam%20Kakumani/.m2/repository/org/glassfish/jaxb/jaxb-runtime/2.3.2/istack-commons-runtime-3.0.8.jar,file:/C:/Users/Syam%20Kakumani/.m2/repository/org/glassfish/jaxb/jaxb-runtime/2.3.2/stax-ex-1.8.1.jar,file:/C:/Users/Syam%20Kakumani/.m2/repository/org/glassfish/jaxb/jaxb-runtime/2.3.2/FastInfoset-1.2.16.jar,file:/C:/Users/Syam%20Kakumani/.m2/repository/org/glassfish/jaxb/jaxb-runtime/2.3.2/jakarta.activation-api-1.2.1.jar
2023-03-14 19:41:13 INFO  o.s.b.d.e.DevToolsPropertyDefaultsPostProcessor - Devtools property defaults active! Set 'spring.devtools.add-properties' to 'false' to disable
2023-03-14 19:41:13 INFO  o.s.b.d.e.DevToolsPropertyDefaultsPostProcessor - For additional web related logging consider setting the 'logging.level.web' property to 'DEBUG'
2023-03-14 19:41:13 INFO  o.s.d.r.c.RepositoryConfigurationDelegate - Bootstrapping Spring Data JPA repositories in DEFAULT mode.
2023-03-14 19:41:14 INFO  o.s.d.r.c.RepositoryConfigurationDelegate - Finished Spring Data repository scanning in 69ms. Found 2 JPA repository interfaces.
2023-03-14 19:41:14 INFO  o.s.c.s.PostProcessorRegistrationDelegate$BeanPostProcessorChecker - Bean 'org.springframework.security.config.annotation.configuration.ObjectPostProcessorConfiguration' of type [org.springframework.security.config.annotation.configuration.ObjectPostProcessorConfiguration] is not eligible for getting processed by all BeanPostProcessors (for example: not eligible for auto-proxying)
2023-03-14 19:41:14 INFO  o.s.c.s.PostProcessorRegistrationDelegate$BeanPostProcessorChecker - Bean 'objectPostProcessor' of type [org.springframework.security.config.annotation.configuration.AutowireBeanFactoryObjectPostProcessor] is not eligible for getting processed by all BeanPostProcessors (for example: not eligible for auto-proxying)
2023-03-14 19:41:14 INFO  o.s.c.s.PostProcessorRegistrationDelegate$BeanPostProcessorChecker - Bean 'org.springframework.security.access.expression.method.DefaultMethodSecurityExpressionHandler@3f37948e' of type [org.springframework.security.access.expression.method.DefaultMethodSecurityExpressionHandler] is not eligible for getting processed by all BeanPostProcessors (for example: not eligible for auto-proxying)
2023-03-14 19:41:14 INFO  o.s.c.s.PostProcessorRegistrationDelegate$BeanPostProcessorChecker - Bean 'org.springframework.security.config.annotation.method.configuration.GlobalMethodSecurityConfiguration' of type [org.springframework.security.config.annotation.method.configuration.GlobalMethodSecurityConfiguration] is not eligible for getting processed by all BeanPostProcessors (for example: not eligible for auto-proxying)
2023-03-14 19:41:14 INFO  o.s.c.s.PostProcessorRegistrationDelegate$BeanPostProcessorChecker - Bean 'methodSecurityMetadataSource' of type [org.springframework.security.access.method.DelegatingMethodSecurityMetadataSource] is not eligible for getting processed by all BeanPostProcessors (for example: not eligible for auto-proxying)
2023-03-14 19:41:15 INFO  o.s.b.w.e.tomcat.TomcatWebServer - Tomcat initialized with port(s): 8090 (http)
2023-03-14 19:41:15 INFO  o.a.coyote.http11.Http11NioProtocol - Initializing ProtocolHandler ["http-nio-8090"]
2023-03-14 19:41:15 INFO  o.a.catalina.core.StandardService - Starting service [Tomcat]
2023-03-14 19:41:15 INFO  o.a.catalina.core.StandardEngine - Starting Servlet engine: [Apache Tomcat/9.0.33]
2023-03-14 19:41:16 INFO  o.a.c.c.C.[Tomcat].[localhost].[/] - Initializing Spring embedded WebApplicationContext
2023-03-14 19:41:16 INFO  o.s.web.context.ContextLoader - Root WebApplicationContext: initialization completed in 2853 ms
2023-03-14 19:41:16 INFO  com.zaxxer.hikari.HikariDataSource - HikariPool-1 - Starting...
2023-03-14 19:41:16 INFO  com.zaxxer.hikari.HikariDataSource - HikariPool-1 - Start completed.
2023-03-14 19:41:16 INFO  o.h.jpa.internal.util.LogHelper - HHH000204: Processing PersistenceUnitInfo [name: default]
2023-03-14 19:41:16 INFO  org.hibernate.Version - HHH000412: Hibernate ORM core version 5.4.12.Final
2023-03-14 19:41:16 INFO  o.h.annotations.common.Version - HCANN000001: Hibernate Commons Annotations {5.1.0.Final}
2023-03-14 19:41:16 INFO  org.hibernate.dialect.Dialect - HHH000400: Using dialect: org.hibernate.dialect.MariaDB103Dialect
2023-03-14 19:41:18 INFO  o.h.e.t.j.p.i.JtaPlatformInitiator - HHH000490: Using JtaPlatform implementation: [org.hibernate.engine.transaction.jta.platform.internal.NoJtaPlatform]
2023-03-14 19:41:18 INFO  o.s.o.j.LocalContainerEntityManagerFactoryBean - Initialized JPA EntityManagerFactory for persistence unit 'default'
2023-03-14 19:41:18 WARN  o.s.b.a.o.j.JpaBaseConfiguration$JpaWebConfiguration - spring.jpa.open-in-view is enabled by default. Therefore, database queries may be performed during view rendering. Explicitly configure spring.jpa.open-in-view to disable this warning
2023-03-14 19:41:18 WARN  o.s.s.o.p.t.s.JwtAccessTokenConverter - Unable to create an RSA verifier from verifierKey (ignoreable if using MAC)
2023-03-14 19:41:19 INFO  o.s.s.web.DefaultSecurityFilterChain - Creating filter chain: OrRequestMatcher [requestMatchers=[Ant [pattern='/oauth/token'], Ant [pattern='/oauth/token_key'], Ant [pattern='/oauth/check_token']]], [org.springframework.security.web.context.request.async.WebAsyncManagerIntegrationFilter@47213647, org.springframework.security.web.context.SecurityContextPersistenceFilter@4c34c490, org.springframework.security.web.header.HeaderWriterFilter@54af266c, org.springframework.security.web.authentication.logout.LogoutFilter@73f85f1f, org.springframework.security.web.authentication.www.BasicAuthenticationFilter@14e7bef7, org.springframework.security.web.savedrequest.RequestCacheAwareFilter@2493532, org.springframework.security.web.servletapi.SecurityContextHolderAwareRequestFilter@9013c92, org.springframework.security.web.authentication.AnonymousAuthenticationFilter@3a5ec4c5, org.springframework.security.web.session.SessionManagementFilter@7ae9618e, org.springframework.security.web.access.ExceptionTranslationFilter@11d3ecf0, org.springframework.security.web.access.intercept.FilterSecurityInterceptor@2813c1b6]
2023-03-14 19:41:19 INFO  o.s.s.web.DefaultSecurityFilterChain - Creating filter chain: org.springframework.security.oauth2.config.annotation.web.configuration.ResourceServerConfiguration$NotOAuthRequestMatcher@63748dbc, [org.springframework.security.web.context.request.async.WebAsyncManagerIntegrationFilter@572d3ab, org.springframework.security.web.context.SecurityContextPersistenceFilter@49b4289f, org.springframework.security.web.header.HeaderWriterFilter@7d33ee68, org.springframework.security.web.authentication.logout.LogoutFilter@133b0b49, org.springframework.security.oauth2.provider.authentication.OAuth2AuthenticationProcessingFilter@28eb0fa0, org.springframework.security.web.savedrequest.RequestCacheAwareFilter@350bea6f, org.springframework.security.web.servletapi.SecurityContextHolderAwareRequestFilter@57291208, org.springframework.security.web.session.SessionManagementFilter@3932a295, org.springframework.security.web.access.ExceptionTranslationFilter@5385e8de, org.springframework.security.web.access.intercept.FilterSecurityInterceptor@2e669409]
2023-03-14 19:41:19 INFO  o.s.s.web.DefaultSecurityFilterChain - Creating filter chain: any request, [org.springframework.security.web.context.request.async.WebAsyncManagerIntegrationFilter@320ef2ad, org.springframework.security.web.context.SecurityContextPersistenceFilter@6bde888d, org.springframework.security.web.header.HeaderWriterFilter@7a402c8c, org.springframework.security.web.authentication.logout.LogoutFilter@178eb07c, org.springframework.security.web.savedrequest.RequestCacheAwareFilter@78d095a1, org.springframework.security.web.servletapi.SecurityContextHolderAwareRequestFilter@38fe27b, org.springframework.security.web.session.SessionManagementFilter@793e462c, org.springframework.security.web.access.ExceptionTranslationFilter@9735dda, org.springframework.security.web.access.intercept.FilterSecurityInterceptor@230536a6]
2023-03-14 19:41:20 INFO  o.s.s.c.ThreadPoolTaskExecutor - Initializing ExecutorService 'applicationTaskExecutor'
2023-03-14 19:41:20 INFO  o.s.b.d.a.OptionalLiveReloadServer - LiveReload server is running on port 35729
2023-03-14 19:41:20 INFO  o.a.coyote.http11.Http11NioProtocol - Starting ProtocolHandler ["http-nio-8090"]
2023-03-14 19:41:20 INFO  o.s.b.w.e.tomcat.TomcatWebServer - Tomcat started on port(s): 8090 (http) with context path ''
2023-03-14 19:41:20 INFO  com.star.sud.OAuth2Application - Started OAuth2Application in 8.242 seconds (JVM running for 12.08)
2023-03-14 19:45:52 INFO  o.a.c.c.C.[Tomcat].[localhost].[/] - Initializing Spring DispatcherServlet 'dispatcherServlet'
2023-03-14 19:45:52 INFO  o.s.web.servlet.DispatcherServlet - Initializing Servlet 'dispatcherServlet'
2023-03-14 19:45:52 INFO  o.s.web.servlet.DispatcherServlet - Completed initialization in 9 ms
2023-03-14 19:45:53 INFO  o.s.s.o.p.endpoint.TokenEndpoint - Handling error: HttpRequestMethodNotSupportedException, Request method 'GET' not supported
2023-03-14 19:45:53 WARN  o.s.w.s.m.m.a.ExceptionHandlerExceptionResolver - Resolved [org.springframework.web.HttpRequestMethodNotSupportedException: Request method 'GET' not supported]
2023-03-14 19:50:03 INFO  c.s.s.user.controller.UserController - received request to create user admin
2023-03-14 19:50:54 INFO  c.s.s.user.controller.UserController - received request to list user admin
2023-03-14 20:19:38 WARN  o.s.w.s.m.m.a.ExceptionHandlerExceptionResolver - Resolved [org.springframework.security.authentication.AuthenticationCredentialsNotFoundException: An Authentication object was not found in the SecurityContext]
2023-03-14 20:20:21 INFO  o.s.b.a.SpringApplicationAdminMXBeanRegistrar$SpringApplicationAdmin - Application shutdown requested.
2023-03-14 20:20:21 INFO  o.s.s.c.ThreadPoolTaskExecutor - Shutting down ExecutorService 'applicationTaskExecutor'
2023-03-14 20:20:21 INFO  o.s.o.j.LocalContainerEntityManagerFactoryBean - Closing JPA EntityManagerFactory for persistence unit 'default'
2023-03-14 20:20:21 INFO  com.zaxxer.hikari.HikariDataSource - HikariPool-1 - Shutdown initiated...
2023-03-14 20:20:21 INFO  com.zaxxer.hikari.HikariDataSource - HikariPool-1 - Shutdown completed.
